Fri,  8 Mar 1996 18:17:56 PST woodruff --- LOGIN 
Fri,  8 Mar 1996 18:20:44 PST woodruff add url http://www.team.net/sol
Fri,  8 Mar 1996 18:21:27 PST woodruff add url http://www.team.net/sol/
Fri,  8 Mar 1996 18:22:06 PST woodruff add url http://www.team.net/sol/
Fri,  8 Mar 1996 18:22:39 PST woodruff add url 
Fri,  8 Mar 1996 18:23:03 PST woodruff add url http://www.team.net/sol
Sun, 10 Mar 1996 18:11:26 PST lrmd --- LOGIN 
Wed, 13 Mar 1996 06:21:13 PST young --- LOGIN 
Wed, 13 Mar 1996 06:21:52 PST young list  
Wed, 13 Mar 1996 06:35:41 PST young list  
Wed, 13 Mar 1996 06:38:32 PST young add url http://www.krev.com
Wed, 13 Mar 1996 06:38:43 PST young list  
Wed, 13 Mar 1996 15:27:09 PST young --- LOGIN 
Fri, 15 Mar 1996 20:11:06 PST kens changed  
Fri, 15 Mar 1996 20:14:02 PST kens visitall  
Fri, 15 Mar 1996 20:22:24 PST kens changed  
Fri, 15 Mar 1996 20:32:13 PST kens visitall  
Fri, 15 Mar 1996 20:35:53 PST kens changed  
Fri, 15 Mar 1996 20:37:00 PST kens changed  
Fri, 15 Mar 1996 20:39:30 PST kens changed  
Fri, 15 Mar 1996 20:43:35 PST kens visitall  
Fri, 15 Mar 1996 20:43:40 PST kens changed  
Fri, 15 Mar 1996 20:43:50 PST kens changed  
Fri, 15 Mar 1996 20:44:00 PST kens changed  
Fri, 15 Mar 1996 20:50:11 PST kens list  
Sat, 16 Mar 1996 19:29:35 PST kens changed  
Sat, 16 Mar 1996 19:29:56 PST kens visitall  
Mon, 25 Mar 1996 06:50:41 PST young --- LOGIN 
Mon, 25 Mar 1996 06:51:18 PST young --- LOGIN 
Sat, 30 Mar 1996 15:04:52 PST young --- LOGIN 
Sat, 30 Mar 1996 15:05:06 PST young changed  
Fri, 12 Apr 1996 06:41:37 PST young --- LOGIN 
Fri, 12 Apr 1996 06:41:55 PST young changed  
Fri, 12 Apr 1996 06:43:06 PST young list  
Fri, 19 Apr 1996 11:11:23 PST kens --- LOGIN 
Fri, 19 Apr 1996 11:11:34 PST kens changed  
Fri, 19 Apr 1996 11:11:45 PST kens list  
Fri, 19 Apr 1996 11:27:12 PST kens changed  
Sun, 21 Apr 1996 11:58:00 PST price --- LOGIN 
Sun, 21 Apr 1996 12:01:34 PST price --- LOGIN 
Wed, 24 Apr 1996 12:30:07 PST kens --- LOGIN 
Wed, 24 Apr 1996 12:30:59 PST kens list  
Wed, 24 Apr 1996 12:32:51 PST kens changed  
Wed, 24 Apr 1996 12:38:29 PST kens changed  
Wed, 24 Apr 1996 12:41:38 PST kens visitall  
Wed, 24 Apr 1996 12:41:57 PST kens changed  
Wed, 24 Apr 1996 12:42:56 PST kens upload  
Wed, 24 Apr 1996 12:44:45 PST kens edit  
Wed, 24 Apr 1996 12:45:21 PST kens edit select 
Wed, 24 Apr 1996 12:45:52 PST kens edit edit http://www.cnn.com
Wed, 24 Apr 1996 12:46:06 PST kens list  
Wed, 24 Apr 1996 12:46:40 PST kens delete  
Wed, 24 Apr 1996 12:46:53 PST kens delete select 
Wed, 24 Apr 1996 12:47:40 PST kens add url www.adams.com
Wed, 24 Apr 1996 12:51:09 PST kens list  
Wed, 24 Apr 1996 12:51:56 PST kens changed  
Sun,  9 Jun 1996 20:17:38 PST young --- LOGIN 
Sun,  9 Jun 1996 20:17:51 PST young changed  
Sun,  9 Jun 1996 20:19:01 PST young delete  
Sun,  9 Jun 1996 20:19:13 PST young delete select 
Sun,  9 Jun 1996 20:19:22 PST young delete  
Sun,  9 Jun 1996 20:19:31 PST young delete select 
Sun,  9 Jun 1996 20:19:35 PST young delete  
Sun,  9 Jun 1996 20:19:40 PST young delete select 
Sun,  9 Jun 1996 20:19:45 PST young delete  
Sun,  9 Jun 1996 20:19:51 PST young delete select 
Sun,  9 Jun 1996 20:19:55 PST young delete  
Sun,  9 Jun 1996 20:20:00 PST young delete select 
Sun,  9 Jun 1996 20:20:06 PST young edit  
Sun,  9 Jun 1996 20:20:11 PST young edit select 
Sun,  9 Jun 1996 20:20:24 PST young list  
Sun,  9 Jun 1996 20:21:02 PST young add url www.homeautomation.com
Sun,  9 Jun 1996 20:21:37 PST young changed  
Sun,  9 Jun 1996 20:23:20 PST young visitall  
Sun,  9 Jun 1996 20:23:35 PST young list  
Sun,  9 Jun 1996 20:23:50 PST young delete  
Sun,  9 Jun 1996 20:23:56 PST young delete select 
Sun,  9 Jun 1996 20:24:25 PST young add url http://techweb.cmp.com/net/news/news.htm
Sun,  9 Jun 1996 20:24:31 PST young add edit http://techweb.cmp.com/net/news/news.htm
Sun,  9 Jun 1996 20:24:37 PST young delete  
Sun,  9 Jun 1996 20:24:46 PST young delete select 
Sun,  9 Jun 1996 20:24:51 PST young delete  
Sun,  9 Jun 1996 20:24:57 PST young delete select 
Sun,  9 Jun 1996 20:25:14 PST young upload  
Sun,  9 Jun 1996 20:25:20 PST young edit  
Sun,  9 Jun 1996 20:25:32 PST young edit select 
Sun,  9 Jun 1996 20:25:49 PST young edit edit http://www.homeautomation.com
Sun,  9 Jun 1996 20:25:56 PST young changed  
Mon, 10 Jun 1996 05:04:19 PST young --- LOGIN 
Mon, 10 Jun 1996 05:05:01 PST young changed  
Mon, 10 Jun 1996 05:06:06 PST young changed  
Mon, 10 Jun 1996 05:06:20 PST young changed  
Mon, 10 Jun 1996 05:11:07 PST young visitall  
Tue, 11 Jun 1996 07:55:09 PST young changed  
Tue, 11 Jun 1996 07:55:30 PST young list  
Tue, 11 Jun 1996 07:55:47 PST young delete  
Tue, 11 Jun 1996 07:55:55 PST young delete select 
Thu, 20 Jun 1996 06:42:16 PST young changed  
Thu, 20 Jun 1996 06:42:34 PST young delete  
Thu, 20 Jun 1996 06:42:40 PST young delete select 
Thu, 20 Jun 1996 06:42:49 PST young delete  
Thu, 20 Jun 1996 06:43:09 PST young delete select 
Thu, 20 Jun 1996 06:43:23 PST young edit  
Thu, 20 Jun 1996 06:43:31 PST young list  
Sun, 14 Jul 1996 16:52:03 PST kens --- LOGIN 
Sun, 14 Jul 1996 16:52:22 PST kens changed  
Sun, 14 Jul 1996 17:36:04 PST kens list  
Sun, 14 Jul 1996 17:38:32 PST kens list  
Sun, 14 Jul 1996 17:38:58 PST kens --- LOGIN 
Sun, 14 Jul 1996 17:39:41 PST kens --- LOGIN 
Sun, 14 Jul 1996 17:39:52 PST kens list  
Sun, 14 Jul 1996 17:40:21 PST kens delete  
Sun, 14 Jul 1996 17:40:35 PST kens edit  
Sun, 14 Jul 1996 17:41:18 PST kens upload  
Sun, 14 Jul 1996 17:42:43 PST kens changed  
Sun, 14 Jul 1996 17:43:37 PST kens changed  
Sun, 14 Jul 1996 17:46:07 PST kens visitall  
Sun, 14 Jul 1996 17:46:12 PST kens list  
Sun, 14 Jul 1996 17:46:24 PST kens delete  
Sun, 14 Jul 1996 17:46:48 PST kens delete select 
Sun, 14 Jul 1996 17:47:07 PST kens delete  
Sun, 14 Jul 1996 17:47:16 PST kens delete select 
Sun, 14 Jul 1996 17:47:28 PST kens list  
Sun, 14 Jul 1996 17:47:36 PST kens list  
Sun, 14 Jul 1996 17:48:26 PST kens add url www.cdt.org
Sun, 14 Jul 1996 17:49:04 PST kens add url www.engin.umich.edu
Sun, 14 Jul 1996 17:59:02 PST kens add url www.engin.umich.edu
Sun, 14 Jul 1996 17:59:17 PST kens edit edit http://www.engin.umich.edu
Sun, 14 Jul 1996 17:59:25 PST kens delete  
Sun, 14 Jul 1996 17:59:33 PST kens delete select 
Sun, 14 Jul 1996 17:59:50 PST kens add url www.dtp.org
Sun, 14 Jul 1996 18:00:08 PST kens delete  
Sun, 14 Jul 1996 18:00:16 PST kens delete select 
Sun, 14 Jul 1996 18:00:23 PST kens delete  
Sun, 14 Jul 1996 18:00:33 PST kens delete select 
Sun, 14 Jul 1996 18:00:39 PST kens delete  
Sun, 14 Jul 1996 18:00:54 PST kens delete select 
Sun, 14 Jul 1996 18:03:01 PST kens delete select 
Sun, 14 Jul 1996 18:03:31 PST kens delete select 
Sun, 14 Jul 1996 18:04:54 PST kens delete select 
Sun, 14 Jul 1996 18:07:19 PST kens delete select 
Sun, 14 Jul 1996 18:09:52 PST kens delete select 
Sun, 14 Jul 1996 18:10:28 PST kens delete select 
Sun, 14 Jul 1996 18:12:32 PST kens delete select 
Sun, 14 Jul 1996 18:13:26 PST kens delete select 
Sun, 14 Jul 1996 18:19:24 PST kens delete select 
Sun, 14 Jul 1996 18:20:16 PST kens delete select 
Sun, 14 Jul 1996 18:21:01 PST kens delete select 
Sun, 14 Jul 1996 18:21:34 PST kens delete select 
Sun, 14 Jul 1996 18:22:43 PST kens delete select 
Sun, 14 Jul 1996 18:30:16 PST kens delete  
Sun, 14 Jul 1996 18:31:07 PST kens delete  
Sun, 14 Jul 1996 18:33:31 PST kens delete select 
Sun, 14 Jul 1996 18:33:38 PST kens list  
Sun, 14 Jul 1996 18:33:55 PST kens changed  
Sun, 14 Jul 1996 18:34:06 PST kens add url www.msen.com
Sun, 14 Jul 1996 18:34:18 PST kens add url www.sgi.com
Sun, 14 Jul 1996 18:34:34 PST kens add url www.sun.com
Sun, 14 Jul 1996 18:34:40 PST kens list  
Sun, 14 Jul 1996 18:35:10 PST kens changed  
Sun, 14 Jul 1996 18:35:54 PST kens visitall  
Sun, 14 Jul 1996 18:36:17 PST kens add url www.yahoo.com
Sun, 14 Jul 1996 18:38:39 PST kens delete  
Sun, 14 Jul 1996 18:39:02 PST kens delete select 
Sun, 14 Jul 1996 18:39:10 PST kens list  
Tue, 16 Jul 1996 15:34:29 PST young changed  
Tue, 16 Jul 1996 15:35:35 PST young delete  
Tue, 16 Jul 1996 15:35:46 PST young delete select 
Tue, 16 Jul 1996 15:35:56 PST young delete  
Tue, 16 Jul 1996 15:36:09 PST young delete select 
Tue, 16 Jul 1996 15:37:04 PST young upload  
Tue, 16 Jul 1996 15:39:25 PST young list  
Wed, 17 Jul 1996 11:43:44 PST young changed  
Wed, 17 Jul 1996 11:44:23 PST young visitall  
Wed, 17 Jul 1996 11:44:37 PST young visitall  
Wed, 17 Jul 1996 11:44:55 PST young delete  
Wed, 17 Jul 1996 11:45:12 PST young delete select 
Wed, 17 Jul 1996 11:45:19 PST young edit  
Wed, 17 Jul 1996 11:45:30 PST young edit select 
Wed, 17 Jul 1996 11:45:54 PST young edit edit 
Wed, 17 Jul 1996 11:46:03 PST young delete  
Wed, 17 Jul 1996 11:46:18 PST young delete select 
Wed, 17 Jul 1996 11:46:27 PST young delete  
Wed, 17 Jul 1996 11:46:39 PST young delete select 
Wed, 17 Jul 1996 11:46:56 PST young edit  
Wed, 17 Jul 1996 11:47:09 PST young edit select 
Wed, 17 Jul 1996 11:47:23 PST young edit edit 
Wed, 17 Jul 1996 11:47:34 PST young delete  
Wed, 17 Jul 1996 11:47:44 PST young delete select 
Wed, 17 Jul 1996 11:47:55 PST young list  
Wed, 17 Jul 1996 11:48:17 PST young changed  
Wed, 17 Jul 1996 11:48:55 PST young list  
